<?xml version="1.0" encoding="UTF-8"?>
<coverage generated="1763909008674" clover="3.2.0">
  <project timestamp="1763909008674" name="All files">
    <metrics statements="156" coveredstatements="67" conditionals="150" coveredconditionals="53" methods="28" coveredmethods="13" elements="334" coveredelements="133" complexity="0" loc="156" ncloc="156" packages="1" files="1" classes="1"/>
    <file name="test-helpers.ts" path="C:\Users\ACER\flight-booking\be-flight-booking\test\helpers\test-helpers.ts">
      <metrics statements="156" coveredstatements="67" conditionals="150" coveredconditionals="53" methods="28" coveredmethods="13"/>
      <line num="2" count="7" type="stmt"/>
      <line num="3" count="7" type="stmt"/>
      <line num="43" count="7" type="stmt"/>
      <line num="44" count="18" type="stmt"/>
      <line num="50" count="7" type="stmt"/>
      <line num="51" count="32" type="stmt"/>
      <line num="57" count="7" type="cond" truecount="0" falsecount="1"/>
      <line num="58" count="36" type="stmt"/>
      <line num="59" count="36" type="stmt"/>
      <line num="60" count="36" type="stmt"/>
      <line num="66" count="7" type="stmt"/>
      <line num="70" count="2" type="stmt"/>
      <line num="77" count="2" type="stmt"/>
      <line num="87" count="2" type="cond" truecount="1" falsecount="1"/>
      <line num="89" count="2" type="cond" truecount="1" falsecount="1"/>
      <line num="90" count="2" type="stmt"/>
      <line num="91" count="2" type="stmt"/>
      <line num="93" count="2" type="stmt"/>
      <line num="99" count="7" type="stmt"/>
      <line num="100" count="1" type="stmt"/>
      <line num="101" count="1" type="cond" truecount="3" falsecount="1"/>
      <line num="102" count="0" type="stmt"/>
      <line num="110" count="7" type="stmt"/>
      <line num="115" count="0" type="stmt"/>
      <line num="120" count="0" type="stmt"/>
      <line num="130" count="7" type="stmt"/>
      <line num="135" count="13" type="stmt"/>
      <line num="145" count="13" type="stmt"/>
      <line num="156" count="13" type="cond" truecount="3" falsecount="1"/>
      <line num="157" count="0" type="stmt"/>
      <line num="160" count="13" type="stmt"/>
      <line num="166" count="7" type="stmt"/>
      <line num="172" count="18" type="stmt"/>
      <line num="183" count="18" type="cond" truecount="1" falsecount="1"/>
      <line num="184" count="18" type="cond" truecount="1" falsecount="1"/>
      <line num="187" count="18" type="cond" truecount="1" falsecount="1"/>
      <line num="192" count="18" type="stmt"/>
      <line num="198" count="0" type="stmt"/>
      <line num="199" count="0" type="stmt"/>
      <line num="200" count="0" type="stmt"/>
      <line num="201" count="0" type="stmt"/>
      <line num="204" count="0" type="stmt"/>
      <line num="210" count="7" type="stmt"/>
      <line num="216" count="7" type="stmt"/>
      <line num="217" count="7" type="stmt"/>
      <line num="219" count="7" type="cond" truecount="1" falsecount="1"/>
      <line num="220" count="7" type="cond" truecount="1" falsecount="1"/>
      <line num="226" count="7" type="stmt"/>
      <line num="228" count="0" type="stmt"/>
      <line num="235" count="7" type="stmt"/>
      <line num="242" count="0" type="cond" truecount="0" falsecount="2"/>
      <line num="243" count="0" type="cond" truecount="0" falsecount="2"/>
      <line num="245" count="0" type="stmt"/>
      <line num="257" count="0" type="cond" truecount="0" falsecount="2"/>
      <line num="258" count="0" type="cond" truecount="0" falsecount="2"/>
      <line num="261" count="0" type="cond" truecount="0" falsecount="2"/>
      <line num="266" count="0" type="stmt"/>
      <line num="272" count="0" type="stmt"/>
      <line num="273" count="0" type="stmt"/>
      <line num="274" count="0" type="stmt"/>
      <line num="275" count="0" type="stmt"/>
      <line num="278" count="0" type="stmt"/>
      <line num="284" count="7" type="stmt"/>
      <line num="289" count="0" type="stmt"/>
      <line num="297" count="0" type="stmt"/>
      <line num="303" count="7" type="stmt"/>
      <line num="308" count="0" type="stmt"/>
      <line num="316" count="0" type="stmt"/>
      <line num="322" count="7" type="stmt"/>
      <line num="329" count="3" type="cond" truecount="1" falsecount="1"/>
      <line num="330" count="3" type="stmt"/>
      <line num="332" count="0" type="cond" truecount="0" falsecount="2"/>
      <line num="333" count="0" type="stmt"/>
      <line num="336" count="0" type="stmt"/>
      <line num="346" count="0" type="stmt"/>
      <line num="352" count="7" type="stmt"/>
      <line num="359" count="0" type="stmt"/>
      <line num="369" count="0" type="stmt"/>
      <line num="375" count="7" type="stmt"/>
      <line num="380" count="0" type="stmt"/>
      <line num="385" count="0" type="stmt"/>
      <line num="392" count="7" type="stmt"/>
      <line num="396" count="0" type="stmt"/>
      <line num="401" count="0" type="stmt"/>
      <line num="408" count="7" type="stmt"/>
      <line num="416" count="3" type="stmt"/>
      <line num="418" count="0" type="cond" truecount="0" falsecount="2"/>
      <line num="420" count="0" type="stmt"/>
      <line num="421" count="0" type="stmt"/>
      <line num="423" count="0" type="cond" truecount="0" falsecount="4"/>
      <line num="424" count="0" type="stmt"/>
      <line num="425" count="0" type="cond" truecount="0" falsecount="4"/>
      <line num="426" count="0" type="stmt"/>
      <line num="427" count="0" type="cond" truecount="0" falsecount="2"/>
      <line num="428" count="0" type="stmt"/>
      <line num="429" count="0" type="stmt"/>
      <line num="435" count="0" type="cond" truecount="0" falsecount="2"/>
      <line num="436" count="0" type="stmt"/>
      <line num="441" count="0" type="stmt"/>
      <line num="447" count="0" type="stmt"/>
      <line num="457" count="0" type="stmt"/>
      <line num="468" count="7" type="stmt"/>
      <line num="478" count="0" type="stmt"/>
      <line num="480" count="0" type="cond" truecount="0" falsecount="2"/>
      <line num="481" count="0" type="stmt"/>
      <line num="482" count="0" type="stmt"/>
      <line num="484" count="0" type="cond" truecount="0" falsecount="4"/>
      <line num="485" count="0" type="stmt"/>
      <line num="486" count="0" type="cond" truecount="0" falsecount="4"/>
      <line num="487" count="0" type="stmt"/>
      <line num="488" count="0" type="cond" truecount="0" falsecount="2"/>
      <line num="489" count="0" type="stmt"/>
      <line num="490" count="0" type="stmt"/>
      <line num="496" count="0" type="cond" truecount="0" falsecount="2"/>
      <line num="497" count="0" type="stmt"/>
      <line num="502" count="0" type="stmt"/>
      <line num="504" count="0" type="cond" truecount="0" falsecount="2"/>
      <line num="505" count="0" type="stmt"/>
      <line num="506" count="0" type="stmt"/>
      <line num="508" count="0" type="cond" truecount="0" falsecount="4"/>
      <line num="509" count="0" type="stmt"/>
      <line num="510" count="0" type="cond" truecount="0" falsecount="4"/>
      <line num="511" count="0" type="stmt"/>
      <line num="512" count="0" type="cond" truecount="0" falsecount="2"/>
      <line num="513" count="0" type="stmt"/>
      <line num="514" count="0" type="stmt"/>
      <line num="520" count="0" type="cond" truecount="0" falsecount="2"/>
      <line num="521" count="0" type="stmt"/>
      <line num="526" count="0" type="stmt"/>
      <line num="531" count="0" type="stmt"/>
      <line num="536" count="0" type="stmt"/>
      <line num="546" count="0" type="stmt"/>
      <line num="556" count="7" type="stmt"/>
      <line num="568" count="0" type="stmt"/>
      <line num="588" count="0" type="stmt"/>
      <line num="598" count="7" type="stmt"/>
      <line num="605" count="0" type="stmt"/>
      <line num="616" count="0" type="cond" truecount="0" falsecount="4"/>
      <line num="617" count="0" type="stmt"/>
      <line num="626" count="0" type="stmt"/>
      <line num="628" count="0" type="stmt"/>
      <line num="638" count="7" type="stmt"/>
      <line num="639" count="0" type="stmt"/>
      <line num="646" count="7" type="stmt"/>
      <line num="647" count="64" type="stmt"/>
      <line num="648" count="64" type="stmt"/>
      <line num="649" count="64" type="stmt"/>
      <line num="650" count="64" type="stmt"/>
      <line num="651" count="64" type="stmt"/>
      <line num="652" count="64" type="stmt"/>
      <line num="655" count="64" type="stmt"/>
      <line num="658" count="64" type="stmt"/>
      <line num="664" count="7" type="stmt"/>
      <line num="665" count="4" type="stmt"/>
      <line num="666" count="4" type="stmt"/>
      <line num="667" count="4" type="stmt"/>
    </file>
  </project>
</coverage>
