{"C:\\Users\\ACER\\flight-booking\\be-flight-booking\\test\\helpers\\test-helpers.ts": {"path":"C:\\Users\\ACER\\flight-booking\\be-flight-booking\\test\\helpers\\test-helpers.ts","statementMap":{"0":{"start":{"line":43,"column":0},"end":{"line":43,"column":16}},"1":{"start":{"line":50,"column":0},"end":{"line":50,"column":16}},"2":{"start":{"line":57,"column":0},"end":{"line":57,"column":16}},"3":{"start":{"line":66,"column":0},"end":{"line":66,"column":7}},"4":{"start":{"line":99,"column":0},"end":{"line":99,"column":16}},"5":{"start":{"line":110,"column":0},"end":{"line":110,"column":7}},"6":{"start":{"line":130,"column":0},"end":{"line":130,"column":7}},"7":{"start":{"line":166,"column":0},"end":{"line":166,"column":7}},"8":{"start":{"line":210,"column":0},"end":{"line":210,"column":7}},"9":{"start":{"line":235,"column":0},"end":{"line":235,"column":7}},"10":{"start":{"line":284,"column":0},"end":{"line":284,"column":7}},"11":{"start":{"line":303,"column":0},"end":{"line":303,"column":7}},"12":{"start":{"line":322,"column":0},"end":{"line":322,"column":7}},"13":{"start":{"line":352,"column":0},"end":{"line":352,"column":7}},"14":{"start":{"line":375,"column":0},"end":{"line":375,"column":7}},"15":{"start":{"line":392,"column":0},"end":{"line":392,"column":7}},"16":{"start":{"line":408,"column":0},"end":{"line":408,"column":7}},"17":{"start":{"line":468,"column":0},"end":{"line":468,"column":7}},"18":{"start":{"line":556,"column":0},"end":{"line":556,"column":7}},"19":{"start":{"line":598,"column":0},"end":{"line":598,"column":7}},"20":{"start":{"line":638,"column":0},"end":{"line":638,"column":16}},"21":{"start":{"line":646,"column":0},"end":{"line":646,"column":16}},"22":{"start":{"line":664,"column":0},"end":{"line":664,"column":16}},"23":{"start":{"line":2,"column":0},"end":{"line":2,"column":32}},"24":{"start":{"line":3,"column":0},"end":{"line":3,"column":36}},"25":{"start":{"line":44,"column":2},"end":{"line":44,"column":82}},"26":{"start":{"line":51,"column":2},"end":{"line":51,"column":63}},"27":{"start":{"line":58,"column":15},"end":{"line":58,"column":25}},"28":{"start":{"line":59,"column":2},"end":{"line":59,"column":45}},"29":{"start":{"line":60,"column":2},"end":{"line":60,"column":42}},"30":{"start":{"line":70,"column":25},"end":{"line":75,"column":4}},"31":{"start":{"line":77,"column":19},"end":{"line":85,"column":16}},"32":{"start":{"line":87,"column":2},"end":{"line":87,"column":63}},"33":{"start":{"line":89,"column":2},"end":{"line":92,"column":3}},"34":{"start":{"line":90,"column":4},"end":{"line":90,"column":50}},"35":{"start":{"line":91,"column":4},"end":{"line":91,"column":52}},"36":{"start":{"line":93,"column":2},"end":{"line":93,"column":14}},"37":{"start":{"line":100,"column":2},"end":{"line":104,"column":4}},"38":{"start":{"line":101,"column":4},"end":{"line":103,"column":5}},"39":{"start":{"line":102,"column":6},"end":{"line":102,"column":64}},"40":{"start":{"line":115,"column":19},"end":{"line":118,"column":29}},"41":{"start":{"line":120,"column":2},"end":{"line":124,"column":4}},"42":{"start":{"line":135,"column":27},"end":{"line":143,"column":16}},"43":{"start":{"line":145,"column":25},"end":{"line":153,"column":4}},"44":{"start":{"line":156,"column":2},"end":{"line":158,"column":3}},"45":{"start":{"line":157,"column":4},"end":{"line":157,"column":67}},"46":{"start":{"line":160,"column":2},"end":{"line":160,"column":14}},"47":{"start":{"line":172,"column":19},"end":{"line":181,"column":6}},"48":{"start":{"line":183,"column":2},"end":{"line":202,"column":3}},"49":{"start":{"line":184,"column":25},"end":{"line":184,"column":97}},"50":{"start":{"line":187,"column":4},"end":{"line":196,"column":5}},"51":{"start":{"line":192,"column":6},"end":{"line":195,"column":8}},"52":{"start":{"line":198,"column":18},"end":{"line":198,"column":41}},"53":{"start":{"line":199,"column":5},"end":{"line":199,"column":44}},"54":{"start":{"line":200,"column":5},"end":{"line":200,"column":40}},"55":{"start":{"line":201,"column":4},"end":{"line":201,"column":16}},"56":{"start":{"line":204,"column":2},"end":{"line":204,"column":23}},"57":{"start":{"line":216,"column":2},"end":{"line":229,"column":3}},"58":{"start":{"line":217,"column":4},"end":{"line":217,"column":75}},"59":{"start":{"line":219,"column":25},"end":{"line":219,"column":56}},"60":{"start":{"line":220,"column":4},"end":{"line":227,"column":5}},"61":{"start":{"line":226,"column":6},"end":{"line":226,"column":18}},"62":{"start":{"line":228,"column":4},"end":{"line":228,"column":16}},"63":{"start":{"line":242,"column":18},"end":{"line":242,"column":54}},"64":{"start":{"line":243,"column":18},"end":{"line":243,"column":54}},"65":{"start":{"line":245,"column":19},"end":{"line":255,"column":6}},"66":{"start":{"line":257,"column":2},"end":{"line":276,"column":3}},"67":{"start":{"line":258,"column":25},"end":{"line":258,"column":97}},"68":{"start":{"line":261,"column":4},"end":{"line":270,"column":5}},"69":{"start":{"line":266,"column":6},"end":{"line":269,"column":8}},"70":{"start":{"line":272,"column":18},"end":{"line":272,"column":41}},"71":{"start":{"line":273,"column":5},"end":{"line":273,"column":44}},"72":{"start":{"line":274,"column":5},"end":{"line":274,"column":40}},"73":{"start":{"line":275,"column":4},"end":{"line":275,"column":16}},"74":{"start":{"line":278,"column":2},"end":{"line":278,"column":23}},"75":{"start":{"line":289,"column":19},"end":{"line":295,"column":16}},"76":{"start":{"line":297,"column":2},"end":{"line":297,"column":23}},"77":{"start":{"line":308,"column":19},"end":{"line":314,"column":16}},"78":{"start":{"line":316,"column":2},"end":{"line":316,"column":23}},"79":{"start":{"line":329,"column":1},"end":{"line":331,"column":2}},"80":{"start":{"line":330,"column":2},"end":{"line":330,"column":111}},"81":{"start":{"line":332,"column":1},"end":{"line":334,"column":2}},"82":{"start":{"line":333,"column":2},"end":{"line":333,"column":108}},"83":{"start":{"line":336,"column":18},"end":{"line":344,"column":27}},"84":{"start":{"line":346,"column":1},"end":{"line":346,"column":22}},"85":{"start":{"line":359,"column":18},"end":{"line":367,"column":27}},"86":{"start":{"line":369,"column":1},"end":{"line":369,"column":22}},"87":{"start":{"line":380,"column":18},"end":{"line":383,"column":14}},"88":{"start":{"line":385,"column":1},"end":{"line":385,"column":22}},"89":{"start":{"line":396,"column":18},"end":{"line":399,"column":14}},"90":{"start":{"line":401,"column":1},"end":{"line":401,"column":22}},"91":{"start":{"line":416,"column":1},"end":{"line":416,"column":88}},"92":{"start":{"line":418,"column":1},"end":{"line":438,"column":2}},"93":{"start":{"line":420,"column":18},"end":{"line":420,"column":68}},"94":{"start":{"line":421,"column":34},"end":{"line":421,"column":38}},"95":{"start":{"line":423,"column":2},"end":{"line":433,"column":3}},"96":{"start":{"line":424,"column":3},"end":{"line":432,"column":4}},"97":{"start":{"line":425,"column":4},"end":{"line":431,"column":5}},"98":{"start":{"line":426,"column":18},"end":{"line":426,"column":78}},"99":{"start":{"line":426,"column":46},"end":{"line":426,"column":77}},"100":{"start":{"line":427,"column":5},"end":{"line":430,"column":6}},"101":{"start":{"line":428,"column":6},"end":{"line":428,"column":35}},"102":{"start":{"line":429,"column":6},"end":{"line":429,"column":12}},"103":{"start":{"line":435,"column":2},"end":{"line":437,"column":3}},"104":{"start":{"line":436,"column":3},"end":{"line":436,"column":89}},"105":{"start":{"line":441,"column":22},"end":{"line":445,"column":3}},"106":{"start":{"line":447,"column":18},"end":{"line":455,"column":27}},"107":{"start":{"line":457,"column":1},"end":{"line":461,"column":3}},"108":{"start":{"line":478,"column":1},"end":{"line":478,"column":96}},"109":{"start":{"line":480,"column":1},"end":{"line":499,"column":2}},"110":{"start":{"line":481,"column":18},"end":{"line":481,"column":76}},"111":{"start":{"line":482,"column":34},"end":{"line":482,"column":38}},"112":{"start":{"line":484,"column":2},"end":{"line":494,"column":3}},"113":{"start":{"line":485,"column":3},"end":{"line":493,"column":4}},"114":{"start":{"line":486,"column":4},"end":{"line":492,"column":5}},"115":{"start":{"line":487,"column":18},"end":{"line":487,"column":86}},"116":{"start":{"line":487,"column":46},"end":{"line":487,"column":85}},"117":{"start":{"line":488,"column":5},"end":{"line":491,"column":6}},"118":{"start":{"line":489,"column":6},"end":{"line":489,"column":35}},"119":{"start":{"line":490,"column":6},"end":{"line":490,"column":12}},"120":{"start":{"line":496,"column":2},"end":{"line":498,"column":3}},"121":{"start":{"line":497,"column":3},"end":{"line":497,"column":105}},"122":{"start":{"line":502,"column":1},"end":{"line":502,"column":95}},"123":{"start":{"line":504,"column":1},"end":{"line":523,"column":2}},"124":{"start":{"line":505,"column":18},"end":{"line":505,"column":75}},"125":{"start":{"line":506,"column":34},"end":{"line":506,"column":38}},"126":{"start":{"line":508,"column":2},"end":{"line":518,"column":3}},"127":{"start":{"line":509,"column":3},"end":{"line":517,"column":4}},"128":{"start":{"line":510,"column":4},"end":{"line":516,"column":5}},"129":{"start":{"line":511,"column":18},"end":{"line":511,"column":85}},"130":{"start":{"line":511,"column":46},"end":{"line":511,"column":84}},"131":{"start":{"line":512,"column":5},"end":{"line":515,"column":6}},"132":{"start":{"line":513,"column":6},"end":{"line":513,"column":35}},"133":{"start":{"line":514,"column":6},"end":{"line":514,"column":12}},"134":{"start":{"line":520,"column":2},"end":{"line":522,"column":3}},"135":{"start":{"line":521,"column":3},"end":{"line":521,"column":103}},"136":{"start":{"line":526,"column":30},"end":{"line":529,"column":3}},"137":{"start":{"line":531,"column":29},"end":{"line":534,"column":3}},"138":{"start":{"line":536,"column":18},"end":{"line":544,"column":27}},"139":{"start":{"line":546,"column":1},"end":{"line":550,"column":3}},"140":{"start":{"line":568,"column":19},"end":{"line":586,"column":16}},"141":{"start":{"line":588,"column":2},"end":{"line":592,"column":4}},"142":{"start":{"line":605,"column":19},"end":{"line":613,"column":6}},"143":{"start":{"line":616,"column":2},"end":{"line":624,"column":3}},"144":{"start":{"line":617,"column":4},"end":{"line":623,"column":7}},"145":{"start":{"line":626,"column":2},"end":{"line":626,"column":48}},"146":{"start":{"line":628,"column":2},"end":{"line":632,"column":4}},"147":{"start":{"line":639,"column":2},"end":{"line":639,"column":59}},"148":{"start":{"line":639,"column":34},"end":{"line":639,"column":57}},"149":{"start":{"line":647,"column":2},"end":{"line":647,"column":73}},"150":{"start":{"line":648,"column":2},"end":{"line":648,"column":52}},"151":{"start":{"line":649,"column":2},"end":{"line":649,"column":47}},"152":{"start":{"line":650,"column":2},"end":{"line":650,"column":49}},"153":{"start":{"line":651,"column":2},"end":{"line":651,"column":52}},"154":{"start":{"line":652,"column":2},"end":{"line":652,"column":50}},"155":{"start":{"line":655,"column":2},"end":{"line":655,"column":88}},"156":{"start":{"line":658,"column":2},"end":{"line":658,"column":73}},"157":{"start":{"line":665,"column":2},"end":{"line":665,"column":57}},"158":{"start":{"line":666,"column":2},"end":{"line":666,"column":61}},"159":{"start":{"line":667,"column":2},"end":{"line":667,"column":86}}},"fnMap":{"0":{"name":"generateTestEmail","decl":{"start":{"line":43,"column":16},"end":{"line":43,"column":33}},"loc":{"start":{"line":43,"column":33},"end":{"line":45,"column":1}}},"1":{"name":"generateTestPhone","decl":{"start":{"line":50,"column":16},"end":{"line":50,"column":33}},"loc":{"start":{"line":50,"column":33},"end":{"line":52,"column":1}}},"2":{"name":"generateFutureDate","decl":{"start":{"line":57,"column":16},"end":{"line":57,"column":34}},"loc":{"start":{"line":57,"column":59},"end":{"line":61,"column":1}}},"3":{"name":"registerTestUser","decl":{"start":{"line":66,"column":22},"end":{"line":66,"column":38}},"loc":{"start":{"line":68,"column":30},"end":{"line":94,"column":1}}},"4":{"name":"expect200Or201","decl":{"start":{"line":99,"column":16},"end":{"line":99,"column":30}},"loc":{"start":{"line":99,"column":30},"end":{"line":105,"column":1}}},"5":{"name":"(anonymous_6)","decl":{"start":{"line":100,"column":9},"end":{"line":100,"column":10}},"loc":{"start":{"line":100,"column":22},"end":{"line":104,"column":3}}},"6":{"name":"loginTestUser","decl":{"start":{"line":110,"column":22},"end":{"line":110,"column":35}},"loc":{"start":{"line":113,"column":18},"end":{"line":125,"column":1}}},"7":{"name":"createAndLoginUser","decl":{"start":{"line":130,"column":22},"end":{"line":130,"column":40}},"loc":{"start":{"line":132,"column":30},"end":{"line":161,"column":1}}},"8":{"name":"searchFlightsOneWay","decl":{"start":{"line":166,"column":22},"end":{"line":166,"column":41}},"loc":{"start":{"line":170,"column":21},"end":{"line":205,"column":1}}},"9":{"name":"trySearchFlightsOneWay","decl":{"start":{"line":210,"column":22},"end":{"line":210,"column":44}},"loc":{"start":{"line":214,"column":21},"end":{"line":230,"column":1}}},"10":{"name":"searchFlightsRoundTrip","decl":{"start":{"line":235,"column":22},"end":{"line":235,"column":44}},"loc":{"start":{"line":240,"column":21},"end":{"line":279,"column":1}}},"11":{"name":"getFareOptions","decl":{"start":{"line":284,"column":22},"end":{"line":284,"column":36}},"loc":{"start":{"line":287,"column":31},"end":{"line":298,"column":1}}},"12":{"name":"getSeatMap","decl":{"start":{"line":303,"column":22},"end":{"line":303,"column":32}},"loc":{"start":{"line":306,"column":31},"end":{"line":317,"column":1}}},"13":{"name":"saveCabinSelection","decl":{"start":{"line":322,"column":22},"end":{"line":322,"column":40}},"loc":{"start":{"line":327,"column":41},"end":{"line":347,"column":1}}},"14":{"name":"saveSeatSelection","decl":{"start":{"line":352,"column":22},"end":{"line":352,"column":39}},"loc":{"start":{"line":357,"column":19},"end":{"line":370,"column":1}}},"15":{"name":"getBookingState","decl":{"start":{"line":375,"column":22},"end":{"line":375,"column":37}},"loc":{"start":{"line":378,"column":25},"end":{"line":386,"column":1}}},"16":{"name":"getAllBookingStates","decl":{"start":{"line":392,"column":22},"end":{"line":392,"column":41}},"loc":{"start":{"line":394,"column":20},"end":{"line":402,"column":1}}},"17":{"name":"createReservationOneWay","decl":{"start":{"line":408,"column":22},"end":{"line":408,"column":45}},"loc":{"start":{"line":413,"column":22},"end":{"line":462,"column":1}}},"18":{"name":"(anonymous_19)","decl":{"start":{"line":426,"column":34},"end":{"line":426,"column":35}},"loc":{"start":{"line":426,"column":46},"end":{"line":426,"column":77}}},"19":{"name":"createReservationRoundTrip","decl":{"start":{"line":468,"column":22},"end":{"line":468,"column":48}},"loc":{"start":{"line":475,"column":29},"end":{"line":551,"column":1}}},"20":{"name":"(anonymous_21)","decl":{"start":{"line":487,"column":34},"end":{"line":487,"column":35}},"loc":{"start":{"line":487,"column":46},"end":{"line":487,"column":85}}},"21":{"name":"(anonymous_22)","decl":{"start":{"line":511,"column":34},"end":{"line":511,"column":35}},"loc":{"start":{"line":511,"column":46},"end":{"line":511,"column":84}}},"22":{"name":"createBookingFromReservation","decl":{"start":{"line":556,"column":22},"end":{"line":556,"column":50}},"loc":{"start":{"line":566,"column":3},"end":{"line":593,"column":1}}},"23":{"name":"processPayment","decl":{"start":{"line":598,"column":22},"end":{"line":598,"column":36}},"loc":{"start":{"line":603,"column":43},"end":{"line":633,"column":1}}},"24":{"name":"wait","decl":{"start":{"line":638,"column":16},"end":{"line":638,"column":20}},"loc":{"start":{"line":638,"column":31},"end":{"line":640,"column":1}}},"25":{"name":"(anonymous_26)","decl":{"start":{"line":639,"column":21},"end":{"line":639,"column":22}},"loc":{"start":{"line":639,"column":34},"end":{"line":639,"column":57}}},"26":{"name":"verifyErrorResponseFormat","decl":{"start":{"line":646,"column":16},"end":{"line":646,"column":41}},"loc":{"start":{"line":646,"column":83},"end":{"line":659,"column":1}}},"27":{"name":"verifyRequestIdHeaders","decl":{"start":{"line":664,"column":16},"end":{"line":664,"column":38}},"loc":{"start":{"line":664,"column":52},"end":{"line":668,"column":1}}}},"branchMap":{"0":{"loc":{"start":{"line":57,"column":35},"end":{"line":57,"column":59}},"type":"default-arg","locations":[{"start":{"line":57,"column":57},"end":{"line":57,"column":59}}]},"1":{"loc":{"start":{"line":71,"column":11},"end":{"line":71,"column":49}},"type":"binary-expr","locations":[{"start":{"line":71,"column":11},"end":{"line":71,"column":26}},{"start":{"line":71,"column":30},"end":{"line":71,"column":49}}]},"2":{"loc":{"start":{"line":72,"column":14},"end":{"line":72,"column":54}},"type":"binary-expr","locations":[{"start":{"line":72,"column":14},"end":{"line":72,"column":32}},{"start":{"line":72,"column":36},"end":{"line":72,"column":54}}]},"3":{"loc":{"start":{"line":73,"column":14},"end":{"line":73,"column":47}},"type":"binary-expr","locations":[{"start":{"line":73,"column":14},"end":{"line":73,"column":32}},{"start":{"line":73,"column":36},"end":{"line":73,"column":47}}]},"4":{"loc":{"start":{"line":74,"column":11},"end":{"line":74,"column":49}},"type":"binary-expr","locations":[{"start":{"line":74,"column":11},"end":{"line":74,"column":26}},{"start":{"line":74,"column":30},"end":{"line":74,"column":49}}]},"5":{"loc":{"start":{"line":87,"column":16},"end":{"line":87,"column":62}},"type":"binary-expr","locations":[{"start":{"line":87,"column":16},"end":{"line":87,"column":38}},{"start":{"line":87,"column":42},"end":{"line":87,"column":62}}]},"6":{"loc":{"start":{"line":89,"column":2},"end":{"line":92,"column":3}},"type":"if","locations":[{"start":{"line":89,"column":2},"end":{"line":92,"column":3}},{"start":{},"end":{}}]},"7":{"loc":{"start":{"line":101,"column":4},"end":{"line":103,"column":5}},"type":"if","locations":[{"start":{"line":101,"column":4},"end":{"line":103,"column":5}},{"start":{},"end":{}}]},"8":{"loc":{"start":{"line":101,"column":8},"end":{"line":101,"column":48}},"type":"binary-expr","locations":[{"start":{"line":101,"column":8},"end":{"line":101,"column":26}},{"start":{"line":101,"column":30},"end":{"line":101,"column":48}}]},"9":{"loc":{"start":{"line":123,"column":12},"end":{"line":123,"column":58}},"type":"binary-expr","locations":[{"start":{"line":123,"column":12},"end":{"line":123,"column":34}},{"start":{"line":123,"column":38},"end":{"line":123,"column":58}}]},"10":{"loc":{"start":{"line":138,"column":13},"end":{"line":138,"column":51}},"type":"binary-expr","locations":[{"start":{"line":138,"column":13},"end":{"line":138,"column":28}},{"start":{"line":138,"column":32},"end":{"line":138,"column":51}}]},"11":{"loc":{"start":{"line":139,"column":16},"end":{"line":139,"column":56}},"type":"binary-expr","locations":[{"start":{"line":139,"column":16},"end":{"line":139,"column":34}},{"start":{"line":139,"column":38},"end":{"line":139,"column":56}}]},"12":{"loc":{"start":{"line":140,"column":16},"end":{"line":140,"column":49}},"type":"binary-expr","locations":[{"start":{"line":140,"column":16},"end":{"line":140,"column":34}},{"start":{"line":140,"column":38},"end":{"line":140,"column":49}}]},"13":{"loc":{"start":{"line":141,"column":13},"end":{"line":141,"column":51}},"type":"binary-expr","locations":[{"start":{"line":141,"column":13},"end":{"line":141,"column":28}},{"start":{"line":141,"column":32},"end":{"line":141,"column":51}}]},"14":{"loc":{"start":{"line":146,"column":11},"end":{"line":146,"column":75}},"type":"binary-expr","locations":[{"start":{"line":146,"column":11},"end":{"line":146,"column":44}},{"start":{"line":146,"column":48},"end":{"line":146,"column":75}}]},"15":{"loc":{"start":{"line":147,"column":14},"end":{"line":147,"column":54}},"type":"binary-expr","locations":[{"start":{"line":147,"column":14},"end":{"line":147,"column":32}},{"start":{"line":147,"column":36},"end":{"line":147,"column":54}}]},"16":{"loc":{"start":{"line":148,"column":14},"end":{"line":148,"column":47}},"type":"binary-expr","locations":[{"start":{"line":148,"column":14},"end":{"line":148,"column":32}},{"start":{"line":148,"column":36},"end":{"line":148,"column":47}}]},"17":{"loc":{"start":{"line":149,"column":11},"end":{"line":149,"column":49}},"type":"binary-expr","locations":[{"start":{"line":149,"column":11},"end":{"line":149,"column":26}},{"start":{"line":149,"column":30},"end":{"line":149,"column":49}}]},"18":{"loc":{"start":{"line":150,"column":12},"end":{"line":150,"column":74}},"type":"binary-expr","locations":[{"start":{"line":150,"column":12},"end":{"line":150,"column":42}},{"start":{"line":150,"column":46},"end":{"line":150,"column":74}}]},"19":{"loc":{"start":{"line":151,"column":17},"end":{"line":151,"column":95}},"type":"binary-expr","locations":[{"start":{"line":151,"column":17},"end":{"line":151,"column":51}},{"start":{"line":151,"column":55},"end":{"line":151,"column":95}}]},"20":{"loc":{"start":{"line":152,"column":18},"end":{"line":152,"column":98}},"type":"binary-expr","locations":[{"start":{"line":152,"column":18},"end":{"line":152,"column":53}},{"start":{"line":152,"column":57},"end":{"line":152,"column":98}}]},"21":{"loc":{"start":{"line":156,"column":2},"end":{"line":158,"column":3}},"type":"if","locations":[{"start":{"line":156,"column":2},"end":{"line":158,"column":3}},{"start":{},"end":{}}]},"22":{"loc":{"start":{"line":156,"column":6},"end":{"line":156,"column":45}},"type":"binary-expr","locations":[{"start":{"line":156,"column":6},"end":{"line":156,"column":23}},{"start":{"line":156,"column":27},"end":{"line":156,"column":45}}]},"23":{"loc":{"start":{"line":168,"column":2},"end":{"line":168,"column":24}},"type":"default-arg","locations":[{"start":{"line":168,"column":19},"end":{"line":168,"column":24}}]},"24":{"loc":{"start":{"line":169,"column":2},"end":{"line":169,"column":29}},"type":"default-arg","locations":[{"start":{"line":169,"column":24},"end":{"line":169,"column":29}}]},"25":{"loc":{"start":{"line":177,"column":18},"end":{"line":177,"column":54}},"type":"binary-expr","locations":[{"start":{"line":177,"column":18},"end":{"line":177,"column":28}},{"start":{"line":177,"column":32},"end":{"line":177,"column":54}}]},"26":{"loc":{"start":{"line":183,"column":2},"end":{"line":202,"column":3}},"type":"if","locations":[{"start":{"line":183,"column":2},"end":{"line":202,"column":3}},{"start":{},"end":{}}]},"27":{"loc":{"start":{"line":184,"column":25},"end":{"line":184,"column":97}},"type":"binary-expr","locations":[{"start":{"line":184,"column":25},"end":{"line":184,"column":47}},{"start":{"line":184,"column":51},"end":{"line":184,"column":97}}]},"28":{"loc":{"start":{"line":187,"column":4},"end":{"line":196,"column":5}},"type":"if","locations":[{"start":{"line":187,"column":4},"end":{"line":196,"column":5}},{"start":{},"end":{}}]},"29":{"loc":{"start":{"line":188,"column":6},"end":{"line":190,"column":50}},"type":"binary-expr","locations":[{"start":{"line":188,"column":6},"end":{"line":188,"column":48}},{"start":{"line":189,"column":6},"end":{"line":189,"column":43}},{"start":{"line":190,"column":6},"end":{"line":190,"column":50}}]},"30":{"loc":{"start":{"line":212,"column":2},"end":{"line":212,"column":24}},"type":"default-arg","locations":[{"start":{"line":212,"column":19},"end":{"line":212,"column":24}}]},"31":{"loc":{"start":{"line":213,"column":2},"end":{"line":213,"column":29}},"type":"default-arg","locations":[{"start":{"line":213,"column":24},"end":{"line":213,"column":29}}]},"32":{"loc":{"start":{"line":219,"column":25},"end":{"line":219,"column":56}},"type":"binary-expr","locations":[{"start":{"line":219,"column":25},"end":{"line":219,"column":39}},{"start":{"line":219,"column":43},"end":{"line":219,"column":56}}]},"33":{"loc":{"start":{"line":220,"column":4},"end":{"line":227,"column":5}},"type":"if","locations":[{"start":{"line":220,"column":4},"end":{"line":227,"column":5}},{"start":{},"end":{}}]},"34":{"loc":{"start":{"line":221,"column":6},"end":{"line":224,"column":27}},"type":"binary-expr","locations":[{"start":{"line":221,"column":6},"end":{"line":221,"column":48}},{"start":{"line":222,"column":6},"end":{"line":222,"column":43}},{"start":{"line":223,"column":6},"end":{"line":223,"column":50}},{"start":{"line":224,"column":6},"end":{"line":224,"column":27}}]},"35":{"loc":{"start":{"line":237,"column":2},"end":{"line":237,"column":24}},"type":"default-arg","locations":[{"start":{"line":237,"column":19},"end":{"line":237,"column":24}}]},"36":{"loc":{"start":{"line":238,"column":2},"end":{"line":238,"column":29}},"type":"default-arg","locations":[{"start":{"line":238,"column":24},"end":{"line":238,"column":29}}]},"37":{"loc":{"start":{"line":242,"column":18},"end":{"line":242,"column":54}},"type":"binary-expr","locations":[{"start":{"line":242,"column":18},"end":{"line":242,"column":28}},{"start":{"line":242,"column":32},"end":{"line":242,"column":54}}]},"38":{"loc":{"start":{"line":243,"column":18},"end":{"line":243,"column":54}},"type":"binary-expr","locations":[{"start":{"line":243,"column":18},"end":{"line":243,"column":28}},{"start":{"line":243,"column":32},"end":{"line":243,"column":54}}]},"39":{"loc":{"start":{"line":257,"column":2},"end":{"line":276,"column":3}},"type":"if","locations":[{"start":{"line":257,"column":2},"end":{"line":276,"column":3}},{"start":{},"end":{}}]},"40":{"loc":{"start":{"line":258,"column":25},"end":{"line":258,"column":97}},"type":"binary-expr","locations":[{"start":{"line":258,"column":25},"end":{"line":258,"column":47}},{"start":{"line":258,"column":51},"end":{"line":258,"column":97}}]},"41":{"loc":{"start":{"line":261,"column":4},"end":{"line":270,"column":5}},"type":"if","locations":[{"start":{"line":261,"column":4},"end":{"line":270,"column":5}},{"start":{},"end":{}}]},"42":{"loc":{"start":{"line":262,"column":6},"end":{"line":264,"column":50}},"type":"binary-expr","locations":[{"start":{"line":262,"column":6},"end":{"line":262,"column":48}},{"start":{"line":263,"column":6},"end":{"line":263,"column":43}},{"start":{"line":264,"column":6},"end":{"line":264,"column":50}}]},"43":{"loc":{"start":{"line":287,"column":2},"end":{"line":287,"column":31}},"type":"default-arg","locations":[{"start":{"line":287,"column":22},"end":{"line":287,"column":31}}]},"44":{"loc":{"start":{"line":306,"column":2},"end":{"line":306,"column":31}},"type":"default-arg","locations":[{"start":{"line":306,"column":22},"end":{"line":306,"column":31}}]},"45":{"loc":{"start":{"line":326,"column":1},"end":{"line":326,"column":46}},"type":"default-arg","locations":[{"start":{"line":326,"column":37},"end":{"line":326,"column":46}}]},"46":{"loc":{"start":{"line":327,"column":1},"end":{"line":327,"column":41}},"type":"default-arg","locations":[{"start":{"line":327,"column":37},"end":{"line":327,"column":41}}]},"47":{"loc":{"start":{"line":329,"column":1},"end":{"line":331,"column":2}},"type":"if","locations":[{"start":{"line":329,"column":1},"end":{"line":331,"column":2}},{"start":{},"end":{}}]},"48":{"loc":{"start":{"line":332,"column":1},"end":{"line":334,"column":2}},"type":"if","locations":[{"start":{"line":332,"column":1},"end":{"line":334,"column":2}},{"start":{},"end":{}}]},"49":{"loc":{"start":{"line":412,"column":1},"end":{"line":412,"column":29}},"type":"default-arg","locations":[{"start":{"line":412,"column":25},"end":{"line":412,"column":29}}]},"50":{"loc":{"start":{"line":418,"column":1},"end":{"line":438,"column":2}},"type":"if","locations":[{"start":{"line":418,"column":1},"end":{"line":438,"column":2}},{"start":{},"end":{}}]},"51":{"loc":{"start":{"line":423,"column":2},"end":{"line":433,"column":3}},"type":"if","locations":[{"start":{"line":423,"column":2},"end":{"line":433,"column":3}},{"start":{},"end":{}}]},"52":{"loc":{"start":{"line":423,"column":6},"end":{"line":423,"column":47}},"type":"binary-expr","locations":[{"start":{"line":423,"column":6},"end":{"line":423,"column":19}},{"start":{"line":423,"column":23},"end":{"line":423,"column":47}}]},"53":{"loc":{"start":{"line":425,"column":4},"end":{"line":431,"column":5}},"type":"if","locations":[{"start":{"line":425,"column":4},"end":{"line":431,"column":5}},{"start":{},"end":{}}]},"54":{"loc":{"start":{"line":425,"column":8},"end":{"line":425,"column":43}},"type":"binary-expr","locations":[{"start":{"line":425,"column":8},"end":{"line":425,"column":18}},{"start":{"line":425,"column":22},"end":{"line":425,"column":43}}]},"55":{"loc":{"start":{"line":427,"column":5},"end":{"line":430,"column":6}},"type":"if","locations":[{"start":{"line":427,"column":5},"end":{"line":430,"column":6}},{"start":{},"end":{}}]},"56":{"loc":{"start":{"line":435,"column":2},"end":{"line":437,"column":3}},"type":"if","locations":[{"start":{"line":435,"column":2},"end":{"line":437,"column":3}},{"start":{},"end":{}}]},"57":{"loc":{"start":{"line":473,"column":1},"end":{"line":473,"column":29}},"type":"default-arg","locations":[{"start":{"line":473,"column":25},"end":{"line":473,"column":29}}]},"58":{"loc":{"start":{"line":480,"column":1},"end":{"line":499,"column":2}},"type":"if","locations":[{"start":{"line":480,"column":1},"end":{"line":499,"column":2}},{"start":{},"end":{}}]},"59":{"loc":{"start":{"line":484,"column":2},"end":{"line":494,"column":3}},"type":"if","locations":[{"start":{"line":484,"column":2},"end":{"line":494,"column":3}},{"start":{},"end":{}}]},"60":{"loc":{"start":{"line":484,"column":6},"end":{"line":484,"column":47}},"type":"binary-expr","locations":[{"start":{"line":484,"column":6},"end":{"line":484,"column":19}},{"start":{"line":484,"column":23},"end":{"line":484,"column":47}}]},"61":{"loc":{"start":{"line":486,"column":4},"end":{"line":492,"column":5}},"type":"if","locations":[{"start":{"line":486,"column":4},"end":{"line":492,"column":5}},{"start":{},"end":{}}]},"62":{"loc":{"start":{"line":486,"column":8},"end":{"line":486,"column":43}},"type":"binary-expr","locations":[{"start":{"line":486,"column":8},"end":{"line":486,"column":18}},{"start":{"line":486,"column":22},"end":{"line":486,"column":43}}]},"63":{"loc":{"start":{"line":488,"column":5},"end":{"line":491,"column":6}},"type":"if","locations":[{"start":{"line":488,"column":5},"end":{"line":491,"column":6}},{"start":{},"end":{}}]},"64":{"loc":{"start":{"line":496,"column":2},"end":{"line":498,"column":3}},"type":"if","locations":[{"start":{"line":496,"column":2},"end":{"line":498,"column":3}},{"start":{},"end":{}}]},"65":{"loc":{"start":{"line":504,"column":1},"end":{"line":523,"column":2}},"type":"if","locations":[{"start":{"line":504,"column":1},"end":{"line":523,"column":2}},{"start":{},"end":{}}]},"66":{"loc":{"start":{"line":508,"column":2},"end":{"line":518,"column":3}},"type":"if","locations":[{"start":{"line":508,"column":2},"end":{"line":518,"column":3}},{"start":{},"end":{}}]},"67":{"loc":{"start":{"line":508,"column":6},"end":{"line":508,"column":47}},"type":"binary-expr","locations":[{"start":{"line":508,"column":6},"end":{"line":508,"column":19}},{"start":{"line":508,"column":23},"end":{"line":508,"column":47}}]},"68":{"loc":{"start":{"line":510,"column":4},"end":{"line":516,"column":5}},"type":"if","locations":[{"start":{"line":510,"column":4},"end":{"line":516,"column":5}},{"start":{},"end":{}}]},"69":{"loc":{"start":{"line":510,"column":8},"end":{"line":510,"column":43}},"type":"binary-expr","locations":[{"start":{"line":510,"column":8},"end":{"line":510,"column":18}},{"start":{"line":510,"column":22},"end":{"line":510,"column":43}}]},"70":{"loc":{"start":{"line":512,"column":5},"end":{"line":515,"column":6}},"type":"if","locations":[{"start":{"line":512,"column":5},"end":{"line":515,"column":6}},{"start":{},"end":{}}]},"71":{"loc":{"start":{"line":520,"column":2},"end":{"line":522,"column":3}},"type":"if","locations":[{"start":{"line":520,"column":2},"end":{"line":522,"column":3}},{"start":{},"end":{}}]},"72":{"loc":{"start":{"line":574,"column":25},"end":{"line":574,"column":62}},"type":"binary-expr","locations":[{"start":{"line":574,"column":25},"end":{"line":574,"column":53}},{"start":{"line":574,"column":57},"end":{"line":574,"column":62}}]},"73":{"loc":{"start":{"line":575,"column":20},"end":{"line":575,"column":63}},"type":"binary-expr","locations":[{"start":{"line":575,"column":20},"end":{"line":575,"column":43}},{"start":{"line":575,"column":47},"end":{"line":575,"column":63}}]},"74":{"loc":{"start":{"line":576,"column":15},"end":{"line":576,"column":49}},"type":"binary-expr","locations":[{"start":{"line":576,"column":15},"end":{"line":576,"column":33}},{"start":{"line":576,"column":37},"end":{"line":576,"column":49}}]},"75":{"loc":{"start":{"line":577,"column":18},"end":{"line":577,"column":49}},"type":"binary-expr","locations":[{"start":{"line":577,"column":18},"end":{"line":577,"column":39}},{"start":{"line":577,"column":43},"end":{"line":577,"column":49}}]},"76":{"loc":{"start":{"line":578,"column":26},"end":{"line":578,"column":86}},"type":"binary-expr","locations":[{"start":{"line":578,"column":26},"end":{"line":578,"column":55}},{"start":{"line":578,"column":59},"end":{"line":578,"column":86}}]},"77":{"loc":{"start":{"line":603,"column":2},"end":{"line":603,"column":43}},"type":"default-arg","locations":[{"start":{"line":603,"column":30},"end":{"line":603,"column":43}}]},"78":{"loc":{"start":{"line":616,"column":2},"end":{"line":624,"column":3}},"type":"if","locations":[{"start":{"line":616,"column":2},"end":{"line":624,"column":3}},{"start":{},"end":{}}]},"79":{"loc":{"start":{"line":616,"column":6},"end":{"line":616,"column":56}},"type":"binary-expr","locations":[{"start":{"line":616,"column":6},"end":{"line":616,"column":29}},{"start":{"line":616,"column":33},"end":{"line":616,"column":56}}]}},"s":{"0":7,"1":7,"2":7,"3":7,"4":7,"5":7,"6":7,"7":7,"8":7,"9":7,"10":7,"11":7,"12":7,"13":7,"14":7,"15":7,"16":7,"17":7,"18":7,"19":7,"20":7,"21":7,"22":7,"23":7,"24":7,"25":18,"26":32,"27":36,"28":36,"29":36,"30":2,"31":2,"32":2,"33":2,"34":2,"35":2,"36":2,"37":1,"38":1,"39":0,"40":0,"41":0,"42":13,"43":13,"44":13,"45":0,"46":13,"47":18,"48":18,"49":18,"50":18,"51":18,"52":0,"53":0,"54":0,"55":0,"56":0,"57":7,"58":7,"59":7,"60":7,"61":7,"62":0,"63":0,"64":0,"65":0,"66":0,"67":0,"68":0,"69":0,"70":0,"71":0,"72":0,"73":0,"74":0,"75":0,"76":0,"77":0,"78":0,"79":3,"80":3,"81":0,"82":0,"83":0,"84":0,"85":0,"86":0,"87":0,"88":0,"89":0,"90":0,"91":3,"92":0,"93":0,"94":0,"95":0,"96":0,"97":0,"98":0,"99":0,"100":0,"101":0,"102":0,"103":0,"104":0,"105":0,"106":0,"107":0,"108":0,"109":0,"110":0,"111":0,"112":0,"113":0,"114":0,"115":0,"116":0,"117":0,"118":0,"119":0,"120":0,"121":0,"122":0,"123":0,"124":0,"125":0,"126":0,"127":0,"128":0,"129":0,"130":0,"131":0,"132":0,"133":0,"134":0,"135":0,"136":0,"137":0,"138":0,"139":0,"140":0,"141":0,"142":0,"143":0,"144":0,"145":0,"146":0,"147":0,"148":0,"149":64,"150":64,"151":64,"152":64,"153":64,"154":64,"155":64,"156":64,"157":4,"158":4,"159":4},"f":{"0":18,"1":32,"2":36,"3":2,"4":1,"5":1,"6":0,"7":13,"8":18,"9":7,"10":0,"11":0,"12":0,"13":3,"14":0,"15":0,"16":0,"17":3,"18":0,"19":0,"20":0,"21":0,"22":0,"23":0,"24":0,"25":0,"26":64,"27":4},"b":{"0":[0],"1":[2,1],"2":[2,2],"3":[2,2],"4":[2,2],"5":[2,0],"6":[2,0],"7":[0,1],"8":[1,1],"9":[0,0],"10":[13,13],"11":[13,13],"12":[13,13],"13":[13,13],"14":[13,0],"15":[13,13],"16":[13,13],"17":[13,13],"18":[13,0],"19":[13,0],"20":[13,0],"21":[0,13],"22":[13,13],"23":[11],"24":[11],"25":[18,18],"26":[18,0],"27":[18,0],"28":[18,0],"29":[18,18,18],"30":[7],"31":[7],"32":[7,0],"33":[7,0],"34":[7,7,7,0],"35":[0],"36":[0],"37":[0,0],"38":[0,0],"39":[0,0],"40":[0,0],"41":[0,0],"42":[0,0,0],"43":[0],"44":[0],"45":[0],"46":[0],"47":[3,0],"48":[0,0],"49":[3],"50":[0,0],"51":[0,0],"52":[0,0],"53":[0,0],"54":[0,0],"55":[0,0],"56":[0,0],"57":[0],"58":[0,0],"59":[0,0],"60":[0,0],"61":[0,0],"62":[0,0],"63":[0,0],"64":[0,0],"65":[0,0],"66":[0,0],"67":[0,0],"68":[0,0],"69":[0,0],"70":[0,0],"71":[0,0],"72":[0,0],"73":[0,0],"74":[0,0],"75":[0,0],"76":[0,0],"77":[0],"78":[0,0],"79":[0,0]}}
}
