TN:
SF:test\helpers\test-helpers.ts
FN:43,generateTestEmail
FN:50,generateTestPhone
FN:57,generateFutureDate
FN:66,registerTestUser
FN:99,expect200Or201
FN:100,(anonymous_6)
FN:110,loginTestUser
FN:130,createAndLoginUser
FN:166,searchFlightsOneWay
FN:210,trySearchFlightsOneWay
FN:235,searchFlightsRoundTrip
FN:284,getFareOptions
FN:303,getSeatMap
FN:322,saveCabinSelection
FN:352,saveSeatSelection
FN:375,getBookingState
FN:392,getAllBookingStates
FN:408,createReservationOneWay
FN:426,(anonymous_19)
FN:468,createReservationRoundTrip
FN:487,(anonymous_21)
FN:511,(anonymous_22)
FN:556,createBookingFromReservation
FN:598,processPayment
FN:638,wait
FN:639,(anonymous_26)
FN:646,verifyErrorResponseFormat
FN:664,verifyRequestIdHeaders
FNF:28
FNH:8
FNDA:2,generateTestEmail
FNDA:4,generateTestPhone
FNDA:4,generateFutureDate
FNDA:0,registerTestUser
FNDA:0,expect200Or201
FNDA:0,(anonymous_6)
FNDA:0,loginTestUser
FNDA:2,createAndLoginUser
FNDA:4,searchFlightsOneWay
FNDA:4,trySearchFlightsOneWay
FNDA:0,searchFlightsRoundTrip
FNDA:0,getFareOptions
FNDA:0,getSeatMap
FNDA:0,saveCabinSelection
FNDA:0,saveSeatSelection
FNDA:0,getBookingState
FNDA:0,getAllBookingStates
FNDA:0,createReservationOneWay
FNDA:0,(anonymous_19)
FNDA:0,createReservationRoundTrip
FNDA:0,(anonymous_21)
FNDA:0,(anonymous_22)
FNDA:0,createBookingFromReservation
FNDA:0,processPayment
FNDA:0,wait
FNDA:0,(anonymous_26)
FNDA:12,verifyErrorResponseFormat
FNDA:1,verifyRequestIdHeaders
DA:2,1
DA:3,1
DA:43,1
DA:44,2
DA:50,1
DA:51,4
DA:57,1
DA:58,4
DA:59,4
DA:60,4
DA:66,1
DA:70,0
DA:77,0
DA:87,0
DA:89,0
DA:90,0
DA:91,0
DA:93,0
DA:99,1
DA:100,0
DA:101,0
DA:102,0
DA:110,1
DA:115,0
DA:120,0
DA:130,1
DA:135,2
DA:145,2
DA:156,2
DA:157,0
DA:160,2
DA:166,1
DA:172,4
DA:183,4
DA:184,4
DA:187,4
DA:192,4
DA:198,0
DA:199,0
DA:200,0
DA:201,0
DA:204,0
DA:210,1
DA:216,4
DA:217,4
DA:219,4
DA:220,4
DA:226,4
DA:228,0
DA:235,1
DA:242,0
DA:243,0
DA:245,0
DA:257,0
DA:258,0
DA:261,0
DA:266,0
DA:272,0
DA:273,0
DA:274,0
DA:275,0
DA:278,0
DA:284,1
DA:289,0
DA:297,0
DA:303,1
DA:308,0
DA:316,0
DA:322,1
DA:329,0
DA:330,0
DA:332,0
DA:333,0
DA:336,0
DA:346,0
DA:352,1
DA:359,0
DA:369,0
DA:375,1
DA:380,0
DA:385,0
DA:392,1
DA:396,0
DA:401,0
DA:408,1
DA:416,0
DA:418,0
DA:420,0
DA:421,0
DA:423,0
DA:424,0
DA:425,0
DA:426,0
DA:427,0
DA:428,0
DA:429,0
DA:435,0
DA:436,0
DA:441,0
DA:447,0
DA:457,0
DA:468,1
DA:478,0
DA:480,0
DA:481,0
DA:482,0
DA:484,0
DA:485,0
DA:486,0
DA:487,0
DA:488,0
DA:489,0
DA:490,0
DA:496,0
DA:497,0
DA:502,0
DA:504,0
DA:505,0
DA:506,0
DA:508,0
DA:509,0
DA:510,0
DA:511,0
DA:512,0
DA:513,0
DA:514,0
DA:520,0
DA:521,0
DA:526,0
DA:531,0
DA:536,0
DA:546,0
DA:556,1
DA:568,0
DA:588,0
DA:598,1
DA:605,0
DA:616,0
DA:617,0
DA:626,0
DA:628,0
DA:638,1
DA:639,0
DA:646,1
DA:647,12
DA:648,12
DA:649,12
DA:650,12
DA:651,12
DA:652,12
DA:655,12
DA:658,12
DA:664,1
DA:665,1
DA:666,1
DA:667,1
LF:156
LH:55
BRDA:57,0,0,0
BRDA:71,1,0,0
BRDA:71,1,1,0
BRDA:72,2,0,0
BRDA:72,2,1,0
BRDA:73,3,0,0
BRDA:73,3,1,0
BRDA:74,4,0,0
BRDA:74,4,1,0
BRDA:87,5,0,0
BRDA:87,5,1,0
BRDA:89,6,0,0
BRDA:89,6,1,0
BRDA:101,7,0,0
BRDA:101,7,1,0
BRDA:101,8,0,0
BRDA:101,8,1,0
BRDA:123,9,0,0
BRDA:123,9,1,0
BRDA:138,10,0,2
BRDA:138,10,1,2
BRDA:139,11,0,2
BRDA:139,11,1,2
BRDA:140,12,0,2
BRDA:140,12,1,2
BRDA:141,13,0,2
BRDA:141,13,1,2
BRDA:146,14,0,2
BRDA:146,14,1,0
BRDA:147,15,0,2
BRDA:147,15,1,2
BRDA:148,16,0,2
BRDA:148,16,1,2
BRDA:149,17,0,2
BRDA:149,17,1,2
BRDA:150,18,0,2
BRDA:150,18,1,0
BRDA:151,19,0,2
BRDA:151,19,1,0
BRDA:152,20,0,2
BRDA:152,20,1,0
BRDA:156,21,0,0
BRDA:156,21,1,2
BRDA:156,22,0,2
BRDA:156,22,1,2
BRDA:168,23,0,0
BRDA:169,24,0,0
BRDA:177,25,0,4
BRDA:177,25,1,4
BRDA:183,26,0,4
BRDA:183,26,1,0
BRDA:184,27,0,4
BRDA:184,27,1,0
BRDA:187,28,0,4
BRDA:187,28,1,0
BRDA:188,29,0,4
BRDA:188,29,1,4
BRDA:188,29,2,4
BRDA:212,30,0,4
BRDA:213,31,0,4
BRDA:219,32,0,4
BRDA:219,32,1,0
BRDA:220,33,0,4
BRDA:220,33,1,0
BRDA:221,34,0,4
BRDA:221,34,1,4
BRDA:221,34,2,4
BRDA:221,34,3,0
BRDA:237,35,0,0
BRDA:238,36,0,0
BRDA:242,37,0,0
BRDA:242,37,1,0
BRDA:243,38,0,0
BRDA:243,38,1,0
BRDA:257,39,0,0
BRDA:257,39,1,0
BRDA:258,40,0,0
BRDA:258,40,1,0
BRDA:261,41,0,0
BRDA:261,41,1,0
BRDA:262,42,0,0
BRDA:262,42,1,0
BRDA:262,42,2,0
BRDA:287,43,0,0
BRDA:306,44,0,0
BRDA:326,45,0,0
BRDA:327,46,0,0
BRDA:329,47,0,0
BRDA:329,47,1,0
BRDA:332,48,0,0
BRDA:332,48,1,0
BRDA:412,49,0,0
BRDA:418,50,0,0
BRDA:418,50,1,0
BRDA:423,51,0,0
BRDA:423,51,1,0
BRDA:423,52,0,0
BRDA:423,52,1,0
BRDA:425,53,0,0
BRDA:425,53,1,0
BRDA:425,54,0,0
BRDA:425,54,1,0
BRDA:427,55,0,0
BRDA:427,55,1,0
BRDA:435,56,0,0
BRDA:435,56,1,0
BRDA:473,57,0,0
BRDA:480,58,0,0
BRDA:480,58,1,0
BRDA:484,59,0,0
BRDA:484,59,1,0
BRDA:484,60,0,0
BRDA:484,60,1,0
BRDA:486,61,0,0
BRDA:486,61,1,0
BRDA:486,62,0,0
BRDA:486,62,1,0
BRDA:488,63,0,0
BRDA:488,63,1,0
BRDA:496,64,0,0
BRDA:496,64,1,0
BRDA:504,65,0,0
BRDA:504,65,1,0
BRDA:508,66,0,0
BRDA:508,66,1,0
BRDA:508,67,0,0
BRDA:508,67,1,0
BRDA:510,68,0,0
BRDA:510,68,1,0
BRDA:510,69,0,0
BRDA:510,69,1,0
BRDA:512,70,0,0
BRDA:512,70,1,0
BRDA:520,71,0,0
BRDA:520,71,1,0
BRDA:574,72,0,0
BRDA:574,72,1,0
BRDA:575,73,0,0
BRDA:575,73,1,0
BRDA:576,74,0,0
BRDA:576,74,1,0
BRDA:577,75,0,0
BRDA:577,75,1,0
BRDA:578,76,0,0
BRDA:578,76,1,0
BRDA:603,77,0,0
BRDA:616,78,0,0
BRDA:616,78,1,0
BRDA:616,79,0,0
BRDA:616,79,1,0
BRF:150
BRH:36
end_of_record
